<?xml version="1.0" encoding="UTF-8"?>
<!-- Generated by org.testng.reporters.JUnitXMLReporter -->
<testsuite hostname="wittyfeed-Vostro-3558" ignored="0" name="Default test" tests="4" failures="0" timestamp="01 Feb 2019 10:17:12 GMT" time="42.148" errors="0">
  <testcase name="DoSignIn" time="36.591" classname="TestSuit.UserFollowPageTestcasesTest"/>
  <testcase name="ClickUserProfileIcon" time="3.738" classname="TestSuit.UserFollowPageTestcasesTest"/>
  <testcase name="ClickFollowButton" time="0.859" classname="TestSuit.UserFollowPageTestcasesTest"/>
  <testcase name="ClickUnFollowButton" time="0.862" classname="TestSuit.UserFollowPageTestcasesTest"/>
</testsuite> <!-- Default test -->
