<?xml version="1.0" encoding="UTF-8"?>
<testng-results skipped="0" failed="0" ignored="0" total="7" passed="7">
  <reporter-output>
  </reporter-output>
  <suite name="Default suite" duration-ms="51686" started-at="2019-01-10T13:32:53Z" finished-at="2019-01-10T13:33:45Z">
    <groups>
    </groups>
    <test name="Default test" duration-ms="51686" started-at="2019-01-10T13:32:53Z" finished-at="2019-01-10T13:33:45Z">
      <class name="WittyFeedTestCases.WittyFeedStoryPageTestCasesTest">
        <test-method status="PASS" signature="Setup()[pri:0, instance:WittyFeedTestCases.WittyFeedStoryPageTestCasesTest@543788f3]" name="Setup" is-config="true" duration-ms="8526" started-at="2019-01-10T13:32:45Z" finished-at="2019-01-10T13:32:53Z">
          <reporter-output>
          </reporter-output>
        </test-method> <!-- Setup -->
        <test-method status="PASS" signature="OpenStoryPage()[pri:113, instance:WittyFeedTestCases.WittyFeedStoryPageTestCasesTest@543788f3]" name="OpenStoryPage" duration-ms="45141" started-at="2019-01-10T13:32:53Z" finished-at="2019-01-10T13:33:38Z">
          <reporter-output>
          </reporter-output>
        </test-method> <!-- OpenStoryPage -->
        <test-method status="PASS" signature="getResults(org.testng.ITestResult)[pri:0, instance:WittyFeedTestCases.WittyFeedStoryPageTestCasesTest@543788f3]" name="getResults" is-config="true" duration-ms="12" started-at="2019-01-10T13:33:38Z" finished-at="2019-01-10T13:33:39Z">
          <params>
            <param index="0">
              <value>
                <![CDATA[[TestResult name=OpenStoryPage status=SUCCESS method=WittyFeedStoryPageTestCasesTest.OpenStoryPage()[pri:113, instance:WittyFeedTestCases.WittyFeedStoryPageTestCasesTest@543788f3] output={null}]]]>
              </value>
            </param>
          </params>
          <reporter-output>
          </reporter-output>
        </test-method> <!-- getResults -->
        <test-method status="PASS" signature="CheckStoryAuthor()[pri:115, instance:WittyFeedTestCases.WittyFeedStoryPageTestCasesTest@543788f3]" name="CheckStoryAuthor" duration-ms="1069" started-at="2019-01-10T13:33:39Z" finished-at="2019-01-10T13:33:40Z">
          <reporter-output>
          </reporter-output>
        </test-method> <!-- CheckStoryAuthor -->
        <test-method status="PASS" signature="getResults(org.testng.ITestResult)[pri:0, instance:WittyFeedTestCases.WittyFeedStoryPageTestCasesTest@543788f3]" name="getResults" is-config="true" duration-ms="1" started-at="2019-01-10T13:33:40Z" finished-at="2019-01-10T13:33:40Z">
          <params>
            <param index="0">
              <value>
                <![CDATA[[TestResult name=CheckStoryAuthor status=SUCCESS method=WittyFeedStoryPageTestCasesTest.CheckStoryAuthor()[pri:115, instance:WittyFeedTestCases.WittyFeedStoryPageTestCasesTest@543788f3] output={null}]]]>
              </value>
            </param>
          </params>
          <reporter-output>
          </reporter-output>
        </test-method> <!-- getResults -->
        <test-method status="PASS" signature="CheckStoryTitle()[pri:116, instance:WittyFeedTestCases.WittyFeedStoryPageTestCasesTest@543788f3]" name="CheckStoryTitle" duration-ms="1185" started-at="2019-01-10T13:33:40Z" finished-at="2019-01-10T13:33:41Z">
          <reporter-output>
          </reporter-output>
        </test-method> <!-- CheckStoryTitle -->
        <test-method status="PASS" signature="getResults(org.testng.ITestResult)[pri:0, instance:WittyFeedTestCases.WittyFeedStoryPageTestCasesTest@543788f3]" name="getResults" is-config="true" duration-ms="1" started-at="2019-01-10T13:33:41Z" finished-at="2019-01-10T13:33:41Z">
          <params>
            <param index="0">
              <value>
                <![CDATA[[TestResult name=CheckStoryTitle status=SUCCESS method=WittyFeedStoryPageTestCasesTest.CheckStoryTitle()[pri:116, instance:WittyFeedTestCases.WittyFeedStoryPageTestCasesTest@543788f3] output={null}]]]>
              </value>
            </param>
          </params>
          <reporter-output>
          </reporter-output>
        </test-method> <!-- getResults -->
        <test-method status="PASS" signature="CheckStoryDesc()[pri:117, instance:WittyFeedTestCases.WittyFeedStoryPageTestCasesTest@543788f3]" name="CheckStoryDesc" duration-ms="1112" started-at="2019-01-10T13:33:41Z" finished-at="2019-01-10T13:33:42Z">
          <reporter-output>
          </reporter-output>
        </test-method> <!-- CheckStoryDesc -->
        <test-method status="PASS" signature="getResults(org.testng.ITestResult)[pri:0, instance:WittyFeedTestCases.WittyFeedStoryPageTestCasesTest@543788f3]" name="getResults" is-config="true" duration-ms="0" started-at="2019-01-10T13:33:42Z" finished-at="2019-01-10T13:33:42Z">
          <params>
            <param index="0">
              <value>
                <![CDATA[[TestResult name=CheckStoryDesc status=SUCCESS method=WittyFeedStoryPageTestCasesTest.CheckStoryDesc()[pri:117, instance:WittyFeedTestCases.WittyFeedStoryPageTestCasesTest@543788f3] output={null}]]]>
              </value>
            </param>
          </params>
          <reporter-output>
          </reporter-output>
        </test-method> <!-- getResults -->
        <test-method status="PASS" signature="CheckStoryShares()[pri:118, instance:WittyFeedTestCases.WittyFeedStoryPageTestCasesTest@543788f3]" name="CheckStoryShares" duration-ms="1035" started-at="2019-01-10T13:33:42Z" finished-at="2019-01-10T13:33:43Z">
          <reporter-output>
          </reporter-output>
        </test-method> <!-- CheckStoryShares -->
        <test-method status="PASS" signature="getResults(org.testng.ITestResult)[pri:0, instance:WittyFeedTestCases.WittyFeedStoryPageTestCasesTest@543788f3]" name="getResults" is-config="true" duration-ms="0" started-at="2019-01-10T13:33:43Z" finished-at="2019-01-10T13:33:43Z">
          <params>
            <param index="0">
              <value>
                <![CDATA[[TestResult name=CheckStoryShares status=SUCCESS method=WittyFeedStoryPageTestCasesTest.CheckStoryShares()[pri:118, instance:WittyFeedTestCases.WittyFeedStoryPageTestCasesTest@543788f3] output={null}]]]>
              </value>
            </param>
          </params>
          <reporter-output>
          </reporter-output>
        </test-method> <!-- getResults -->
        <test-method status="PASS" signature="CheckStoryShareOptions()[pri:119, instance:WittyFeedTestCases.WittyFeedStoryPageTestCasesTest@543788f3]" name="CheckStoryShareOptions" duration-ms="1059" started-at="2019-01-10T13:33:43Z" finished-at="2019-01-10T13:33:44Z">
          <reporter-output>
          </reporter-output>
        </test-method> <!-- CheckStoryShareOptions -->
        <test-method status="PASS" signature="getResults(org.testng.ITestResult)[pri:0, instance:WittyFeedTestCases.WittyFeedStoryPageTestCasesTest@543788f3]" name="getResults" is-config="true" duration-ms="0" started-at="2019-01-10T13:33:44Z" finished-at="2019-01-10T13:33:44Z">
          <params>
            <param index="0">
              <value>
                <![CDATA[[TestResult name=CheckStoryShareOptions status=SUCCESS method=WittyFeedStoryPageTestCasesTest.CheckStoryShareOptions()[pri:119, instance:WittyFeedTestCases.WittyFeedStoryPageTestCasesTest@543788f3] output={null}]]]>
              </value>
            </param>
          </params>
          <reporter-output>
          </reporter-output>
        </test-method> <!-- getResults -->
        <test-method status="PASS" signature="CheckStoryContent()[pri:120, instance:WittyFeedTestCases.WittyFeedStoryPageTestCasesTest@543788f3]" name="CheckStoryContent" duration-ms="1029" started-at="2019-01-10T13:33:44Z" finished-at="2019-01-10T13:33:45Z">
          <reporter-output>
          </reporter-output>
        </test-method> <!-- CheckStoryContent -->
        <test-method status="PASS" signature="getResults(org.testng.ITestResult)[pri:0, instance:WittyFeedTestCases.WittyFeedStoryPageTestCasesTest@543788f3]" name="getResults" is-config="true" duration-ms="0" started-at="2019-01-10T13:33:45Z" finished-at="2019-01-10T13:33:45Z">
          <params>
            <param index="0">
              <value>
                <![CDATA[[TestResult name=CheckStoryContent status=SUCCESS method=WittyFeedStoryPageTestCasesTest.CheckStoryContent()[pri:120, instance:WittyFeedTestCases.WittyFeedStoryPageTestCasesTest@543788f3] output={null}]]]>
              </value>
            </param>
          </params>
          <reporter-output>
          </reporter-output>
        </test-method> <!-- getResults -->
        <test-method status="PASS" signature="tearDown()[pri:0, instance:WittyFeedTestCases.WittyFeedStoryPageTestCasesTest@543788f3]" name="tearDown" is-config="true" duration-ms="1800" started-at="2019-01-10T13:33:45Z" finished-at="2019-01-10T13:33:47Z">
          <reporter-output>
          </reporter-output>
        </test-method> <!-- tearDown -->
      </class> <!-- WittyFeedTestCases.WittyFeedStoryPageTestCasesTest -->
    </test> <!-- Default test -->
  </suite> <!-- Default suite -->
</testng-results>
