<?xml version="1.0" encoding="UTF-8"?>
<!-- Generated by org.testng.reporters.JUnitXMLReporter -->
<testsuite hostname="wittyfeed-Vostro-3558" ignored="0" name="Default test" tests="4" failures="0" timestamp="09 Jan 2019 13:21:33 GMT" time="36.837" errors="0">
  <testcase name="ClickSearchOption" time="36.714" classname="FactsonlyTestCases.FactsonlySearchPageTestCasesTest"/>
  <testcase name="CheckSearchHeader" time="0.021" classname="FactsonlyTestCases.FactsonlySearchPageTestCasesTest"/>
  <testcase name="CheckSearchedStoryImage" time="0.016" classname="FactsonlyTestCases.FactsonlySearchPageTestCasesTest"/>
  <testcase name="CheckSearchedStoryTitle" time="0.014" classname="FactsonlyTestCases.FactsonlySearchPageTestCasesTest"/>
</testsuite> <!-- Default test -->
